0 info it worked if it ends with ok
1 verbose cli [ 'C:\\Program Files (x86)\\nodejs\\\\node.exe',
1 verbose cli   'C:\\Program Files (x86)\\nodejs\\node_modules\\npm\\bin\\npm-cli.js',
1 verbose cli   'install',
1 verbose cli   'grunt-uglify' ]
2 info using npm@1.4.28
3 info using node@v0.10.33
4 verbose node symlink C:\Program Files (x86)\nodejs\\node.exe
5 warn package.json Project-Name@ No description
6 warn package.json Project-Name@ No repository field.
7 warn package.json Project-Name@ No README data
8 verbose readDependencies using package.json deps
9 verbose cache add [ 'grunt-uglify', null ]
10 verbose cache add name=undefined spec="grunt-uglify" args=["grunt-uglify",null]
11 verbose parsed url { protocol: null,
11 verbose parsed url   slashes: null,
11 verbose parsed url   auth: null,
11 verbose parsed url   host: null,
11 verbose parsed url   port: null,
11 verbose parsed url   hostname: null,
11 verbose parsed url   hash: null,
11 verbose parsed url   search: null,
11 verbose parsed url   query: null,
11 verbose parsed url   pathname: 'grunt-uglify',
11 verbose parsed url   path: 'grunt-uglify',
11 verbose parsed url   href: 'grunt-uglify' }
12 silly lockFile 2e33d944-grunt-uglify grunt-uglify
13 verbose lock grunt-uglify C:\Users\jermbo002\AppData\Roaming\npm-cache\2e33d944-grunt-uglify.lock
14 silly lockFile 2e33d944-grunt-uglify grunt-uglify
15 silly lockFile 2e33d944-grunt-uglify grunt-uglify
16 verbose addNamed [ 'grunt-uglify', '' ]
17 verbose addNamed [ null, '*' ]
18 silly lockFile 1cbe4847-grunt-uglify grunt-uglify@
19 verbose lock grunt-uglify@ C:\Users\jermbo002\AppData\Roaming\npm-cache\1cbe4847-grunt-uglify.lock
20 silly addNameRange { name: 'grunt-uglify', range: '*', hasData: false }
21 verbose request where is /grunt-uglify
22 verbose request registry https://registry.npmjs.org/
23 verbose request id ecf0af51764d4900
24 verbose url raw /grunt-uglify
25 verbose url resolving [ 'https://registry.npmjs.org/', './grunt-uglify' ]
26 verbose url resolved https://registry.npmjs.org/grunt-uglify
27 verbose request where is https://registry.npmjs.org/grunt-uglify
28 info trying registry request attempt 1 at 02:56:54
29 http GET https://registry.npmjs.org/grunt-uglify
30 http 404 https://registry.npmjs.org/grunt-uglify
31 silly registry.get cb [ 404,
31 silly registry.get   { 'content-type': 'application/json',
31 silly registry.get     'cache-control': 'max-age=0',
31 silly registry.get     'content-length': '2',
31 silly registry.get     'accept-ranges': 'bytes',
31 silly registry.get     date: 'Mon, 23 Nov 2015 08:57:03 GMT',
31 silly registry.get     via: '1.1 varnish',
31 silly registry.get     age: '0',
31 silly registry.get     connection: 'keep-alive',
31 silly registry.get     'x-served-by': 'cache-dfw1820-DFW',
31 silly registry.get     'x-cache': 'MISS',
31 silly registry.get     'x-cache-hits': '0',
31 silly registry.get     'x-timer': 'S1448269023.589492,VS0,VE53' } ]
32 silly lockFile 1cbe4847-grunt-uglify grunt-uglify@
33 silly lockFile 1cbe4847-grunt-uglify grunt-uglify@
34 error 404 Not Found
34 error 404
34 error 404 'grunt-uglify' is not in the npm registry.
34 error 404 You should bug the author to publish it
34 error 404 It was specified as a dependency of 'Project-Name'
34 error 404
34 error 404 Note that you can also install from a
34 error 404 tarball, folder, or http url, or git url.
35 error System Windows_NT 6.2.9200
36 error command "C:\\Program Files (x86)\\nodejs\\\\node.exe" "C:\\Program Files (x86)\\nodejs\\node_modules\\npm\\bin\\npm-cli.js" "install" "grunt-uglify"
37 error cwd C:\inetpub\wwwroot\SI-V3
38 error node -v v0.10.33
39 error npm -v 1.4.28
40 error code E404
41 verbose exit [ 1, true ]
